


          SolidWorks Corporation - STEP Processor Error Log
          ______________________________________________________

                       STEP Post Processor
                       ___________________


STEP File Name: C:\Users\guigur\Documents\ecoticket-hardware\PCB\custom step\raspberry_pi_zero.STEP


Les surfaces ont été correctement transformées en un corps volumique.
STEP: entrée terminée.Les surfaces ont été correctement transformées en un corps volumique.
STEP: entrée terminée.Les surfaces ont été correctement transformées en un corps volumique.
STEP: entrée terminée.Les surfaces ont été correctement transformées en un corps volumique.
STEP: entrée terminée.Les surfaces ont été correctement transformées en un corps volumique.
STEP: entrée terminée.Les surfaces ont été correctement transformées en un corps volumique.
STEP: entrée terminée.Les surfaces ont été correctement transformées en un corps volumique.
STEP: entrée terminée.Les surfaces ont été correctement transformées en un corps volumique.
STEP: entrée terminée.Les surfaces ont été correctement transformées en un corps volumique.
STEP: entrée terminée.Les surfaces ont été correctement transformées en un corps volumique.
STEP: entrée terminée.Les surfaces ont été correctement transformées en un corps volumique.
STEP: entrée terminée.Les surfaces ont été correctement transformées en un corps volumique.
STEP: entrée terminée.Les surfaces ont été correctement transformées en un corps volumique.
STEP: entrée terminée.
Error: Ne peut pas créer de volume à partir de surfaces ajustées.
STEP: entrée n'a pas été terminée correctement.
